time="2023-07-26T16:30:44+02:00" level=info msg="create router" func="main.main()" file="app.go:15"
time="2023-07-26T16:30:44+02:00" level=info msg="register user handler" func="main.main()" file="app.go:18"
time="2023-07-26T16:33:29+02:00" level=info msg="create router" func="main.main()" file="app.go:14"
time="2023-07-26T16:33:29+02:00" level=info msg="register user handler" func="main.main()" file="app.go:17"
time="2023-07-26T16:33:29+02:00" level=info msg="start application" func="main.start()" file="app.go:26"
time="2023-07-26T16:33:29+02:00" level=info msg="server is listening port 0.0.0.0:1234" func="main.start()" file="app.go:38"
time="2023-07-26T17:20:55+02:00" level=info msg="create router" func="main.main()" file="app.go:19"
time="2023-07-26T17:20:55+02:00" level=info msg="read application configuration" func="testing-project/internal/config.GetConfig.func1()" file="config.go:24"
time="2023-07-26T17:20:55+02:00" level=info msg="register user handler" func="main.main()" file="app.go:24"
time="2023-07-26T17:20:55+02:00" level=info msg="START application" func="main.start()" file="app.go:33"
time="2023-07-26T17:20:55+02:00" level=info msg="listen TCP" func="main.start()" file="app.go:50"
time="2023-07-26T17:20:55+02:00" level=info msg="server is listening port 0.0.0.0:1234" func="main.start()" file="app.go:64"
time="2023-07-26T17:21:54+02:00" level=info msg="create router" func="main.main()" file="app.go:19"
time="2023-07-26T17:21:54+02:00" level=info msg="read application configuration" func="testing-project/internal/config.GetConfig.func1()" file="config.go:24"
time="2023-07-26T17:21:54+02:00" level=info msg="register user handler" func="main.main()" file="app.go:24"
time="2023-07-26T17:21:54+02:00" level=info msg="START application" func="main.start()" file="app.go:33"
time="2023-07-26T17:21:54+02:00" level=info msg="listen TCP" func="main.start()" file="app.go:50"
time="2023-07-26T17:21:54+02:00" level=info msg="server is listening port 0.0.0.0:10000" func="main.start()" file="app.go:64"
time="2023-07-26T17:22:54+02:00" level=info msg="create router" func="main.main()" file="app.go:19"
time="2023-07-26T17:22:54+02:00" level=info msg="read application configuration" func="testing-project/internal/config.GetConfig.func1()" file="config.go:24"
time="2023-07-26T17:22:54+02:00" level=info msg="register user handler" func="main.main()" file="app.go:24"
time="2023-07-26T17:22:54+02:00" level=info msg="START application" func="main.start()" file="app.go:33"
time="2023-07-26T17:22:54+02:00" level=info msg="create SOCKET" func="main.start()" file="app.go:43"
time="2023-07-26T17:22:54+02:00" level=debug msg="socket path: C:\\Users\\Tenyd\\AppData\\Local\\JetBrains\\GoLand2023.1\\tmp\\GoLand/app.sock" func="main.start()" file="app.go:45"
time="2023-07-26T17:22:54+02:00" level=info msg="listen UNIX SOCKET" func="main.start()" file="app.go:47"
time="2023-07-26T17:22:54+02:00" level=info msg="server is listening port 127.0.0.1:8080" func="main.start()" file="app.go:64"
time="2023-07-26T17:26:24+02:00" level=info msg="create router" func="main.main()" file="app.go:19"
time="2023-07-26T17:26:24+02:00" level=info msg="read application configuration" func="testing-project/internal/config.GetConfig.func1()" file="config.go:24"
time="2023-07-26T17:26:24+02:00" level=info msg="register user handler" func="main.main()" file="app.go:24"
time="2023-07-26T17:26:24+02:00" level=info msg="START application" func="main.start()" file="app.go:33"
time="2023-07-26T17:26:24+02:00" level=info msg="detect app path" func="main.start()" file="app.go:39"
time="2023-07-26T17:26:24+02:00" level=info msg="create SOCKET" func="main.start()" file="app.go:44"
time="2023-07-26T17:26:24+02:00" level=info msg="listen UNIX SOCKET" func="main.start()" file="app.go:47"
time="2023-07-26T17:26:24+02:00" level=info msg="server is listening UNIX SOCKET: C:\\Projects\\Backend\\testing-project\\build/app.sock" func="main.start()" file="app.go:49"
